<?xml version="1.0" encoding="UTF-8"?>
<!-- Generated by org.testng.reporters.JUnitXMLReporter -->
<testsuite hostname="DESKTOP-0M1MH5T" ignored="0" name="HybridFrmworkTest" tests="3" failures="0" timestamp="2020-11-20T08:21:24 IST" time="72.264" errors="0">
  <testcase name="searchTest" time="16.189" classname="com.qa.linkedin.testcase.SearchDDTest"/>
  <testcase name="searchTest" time="16.195" classname="com.qa.linkedin.testcase.SearchDDTest"/>
  <testcase name="searchTest" time="15.487" classname="com.qa.linkedin.testcase.SearchDDTest"/>
</testsuite> <!-- HybridFrmworkTest -->
