<?xml version="1.0" encoding="UTF-8"?>
<!-- Generated by org.testng.reporters.JUnitXMLReporter -->
<testsuite hostname="DESKTOP-0M1MH5T" ignored="0" name="HybridFrmworkTest" tests="3" failures="0" timestamp="2020-11-23T08:12:37 IST" time="64.526" errors="0">
  <testcase name="searchTest" time="15.422" classname="com.qa.linkedin.testcase.SearchDDTest"/>
  <testcase name="searchTest" time="14.444" classname="com.qa.linkedin.testcase.SearchDDTest"/>
  <testcase name="searchTest" time="15.816" classname="com.qa.linkedin.testcase.SearchDDTest"/>
</testsuite> <!-- HybridFrmworkTest -->
