<?xml version="1.0" encoding="UTF-8"?>
<testng-results skipped="0" failed="0" ignored="0" total="3" passed="3">
  <reporter-output>
  </reporter-output>
  <suite name="HybridFrmworkSuite" duration-ms="64526" started-at="2020-11-23T08:11:32 IST" finished-at="2020-11-23T08:12:37 IST">
    <groups>
    </groups>
    <test name="HybridFrmworkTest" duration-ms="64526" started-at="2020-11-23T08:11:32 IST" finished-at="2020-11-23T08:12:37 IST">
      <class name="com.qa.linkedin.testcase.SearchDDTest">
        <test-method status="PASS" signature="setup()[pri:0, instance:com.qa.linkedin.testcase.SearchDDTest@17211155]" name="setup" is-config="true" duration-ms="11384" started-at="2020-11-23T08:11:21 IST" finished-at="2020-11-23T08:11:32 IST">
          <reporter-output>
          </reporter-output>
        </test-method> <!-- setup -->
        <test-method status="PASS" signature="objectSetup()[pri:0, instance:com.qa.linkedin.testcase.SearchDDTest@17211155]" name="objectSetup" is-config="true" duration-ms="220" started-at="2020-11-23T08:11:32 IST" finished-at="2020-11-23T08:11:32 IST">
          <reporter-output>
          </reporter-output>
        </test-method> <!-- objectSetup -->
        <test-method status="PASS" signature="LoginSetup()[pri:0, instance:com.qa.linkedin.testcase.SearchDDTest@17211155]" name="LoginSetup" is-config="true" duration-ms="12015" started-at="2020-11-23T08:11:32 IST" finished-at="2020-11-23T08:11:44 IST">
          <reporter-output>
          </reporter-output>
        </test-method> <!-- LoginSetup -->
        <test-method status="PASS" signature="searchTest(java.lang.String)[pri:0, instance:com.qa.linkedin.testcase.SearchDDTest@17211155]" name="searchTest" duration-ms="15422" started-at="2020-11-23T08:11:46 IST" data-provider="getData" finished-at="2020-11-23T08:12:02 IST">
          <params>
            <param index="0">
              <value>
                <![CDATA[Sirisha]]>
              </value>
            </param>
          </params>
          <reporter-output>
          </reporter-output>
        </test-method> <!-- searchTest -->
        <test-method status="PASS" signature="searchTest(java.lang.String)[pri:0, instance:com.qa.linkedin.testcase.SearchDDTest@17211155]" name="searchTest" duration-ms="14444" started-at="2020-11-23T08:12:02 IST" data-provider="getData" finished-at="2020-11-23T08:12:16 IST">
          <params>
            <param index="0">
              <value>
                <![CDATA[Krishna]]>
              </value>
            </param>
          </params>
          <reporter-output>
          </reporter-output>
        </test-method> <!-- searchTest -->
        <test-method status="PASS" signature="searchTest(java.lang.String)[pri:0, instance:com.qa.linkedin.testcase.SearchDDTest@17211155]" name="searchTest" duration-ms="15816" started-at="2020-11-23T08:12:16 IST" data-provider="getData" finished-at="2020-11-23T08:12:32 IST">
          <params>
            <param index="0">
              <value>
                <![CDATA[Ramesh]]>
              </value>
            </param>
          </params>
          <reporter-output>
          </reporter-output>
        </test-method> <!-- searchTest -->
        <test-method status="PASS" signature="afterClass()[pri:0, instance:com.qa.linkedin.testcase.SearchDDTest@17211155]" name="afterClass" is-config="true" duration-ms="4640" started-at="2020-11-23T08:12:32 IST" finished-at="2020-11-23T08:12:37 IST">
          <reporter-output>
          </reporter-output>
        </test-method> <!-- afterClass -->
        <test-method status="PASS" signature="tearDown()[pri:0, instance:com.qa.linkedin.testcase.SearchDDTest@17211155]" name="tearDown" is-config="true" duration-ms="5343" started-at="2020-11-23T08:12:38 IST" finished-at="2020-11-23T08:12:43 IST">
          <reporter-output>
          </reporter-output>
        </test-method> <!-- tearDown -->
      </class> <!-- com.qa.linkedin.testcase.SearchDDTest -->
    </test> <!-- HybridFrmworkTest -->
  </suite> <!-- HybridFrmworkSuite -->
</testng-results>
